

Microchip Technology PIC18 LITE Macro Assembler V1.42 build -159332390 
                                                                                               Mon Jul 24 23:32:06 2017

Microchip Technology Omniscient Code Generator v1.42 (Free mode) build 201704130522
     1                           	processor	18F4431
     2                           	fnconf	rparam,??,?,0
     3                           	opt	pw 120
     4                           	opt	lm
     5                           	psect	idataCOMRAM,global,class=CODE,delta=1,noexec
     6                           	psect	smallconst,global,reloc=2,class=SMALLCONST,delta=1,noexec
     7                           	psect	cinit,global,reloc=2,class=CODE,delta=1
     8                           	psect	bssCOMRAM,global,class=COMRAM,space=1,delta=1,noexec
     9                           	psect	dataCOMRAM,global,class=COMRAM,space=1,delta=1,noexec
    10                           	psect	cstackCOMRAM,global,class=COMRAM,space=1,delta=1,noexec
    11                           	psect	text0,global,reloc=2,class=CODE,delta=1
    12                           	psect	text1,global,reloc=2,class=CODE,delta=1
    13                           	psect	text2,global,reloc=2,class=CODE,delta=1
    14                           	psect	text3,global,reloc=2,class=CODE,delta=1
    15                           	psect	text4,global,reloc=2,class=CODE,delta=1
    16                           	psect	intsave_regs,global,class=BIGRAM,space=1,delta=1,noexec
    17                           	psect	rparam,global,class=COMRAM,space=1,delta=1,noexec
    18  0000                     
    19                           ; Version 1.42
    20                           ; Generated 13/04/2017 GMT
    21                           ; 
    22                           ; Copyright © 2017, Microchip Technology Inc. and its subsidiaries ("Microchip")
    23                           ; All rights reserved.
    24                           ; 
    25                           ; This software is developed by Microchip Technology Inc. and its subsidiaries ("Microch
      +                          ip").
    26                           ; 
    27                           ; Redistribution and use in source and binary forms, with or without modification, are
    28                           ; permitted provided that the following conditions are met:
    29                           ; 
    30                           ;     1. Redistributions of source code must retain the above copyright notice, this lis
      +                          t of
    31                           ;        conditions and the following disclaimer.
    32                           ; 
    33                           ;     2. Redistributions in binary form must reproduce the above copyright notice, this 
      +                          list
    34                           ;        of conditions and the following disclaimer in the documentation and/or other
    35                           ;        materials provided with the distribution.
    36                           ; 
    37                           ;     3. Microchip's name may not be used to endorse or promote products derived from th
      +                          is
    38                           ;        software without specific prior written permission.
    39                           ; 
    40                           ; THIS SOFTWARE IS PROVIDED BY MICROCHIP "AS IS" AND ANY EXPRESS OR IMPLIED WARRANTIES,
    41                           ; INCLUDING, BUT NOT LIMITED TO, THE IMPLIED WARRANTIES OF MERCHANTABILITY AND FITNESS F
      +                          OR
    42                           ; PURPOSE ARE DISCLAIMED.  IN NO EVENT SHALL MICROCHIP BE LIABLE FOR ANY DIRECT, INDIREC
      +                          T,
    43                           ; INCIDENTAL, SPECIAL, EXEMPLARY, OR CONSEQUENTIAL DAMAGES (INCLUDING BUT NOT LIMITED TO
    44                           ; PROCUREMENT OF SUBSTITUTE GOODS OR SERVICES; LOSS OF USE, DATA OR PROFITS; OR BUSINESS
    45                           ; INTERRUPTION) HOWSOEVER CAUSED AND ON ANY THEORY OF LIABILITY, WHETHER IN CONTRACT, ST
      +                          RICT
    46                           ; LIABILITY, OR TORT (INCLUDING NEGLIGENCE OR OTHERWISE) ARISING IN ANY WAY OUT OF THE U
      +                          SE OF
    47                           ; THIS SOFTWARE, EVEN IF ADVISED OF THE POSSIBILITY OF SUCH DAMAGE.
    48                           ; 
    49                           ; 
    50                           ; Code-generator required, PIC18F4431 Definitions
    51                           ; 
    52                           ; SFR Addresses
    53  0000                     
    54                           	psect	idataCOMRAM
    55  0004A8                     __pidataCOMRAM:
    56                           	opt stack 0
    57                           
    58                           ;initializer for _ch
    59  0004A8  7A                 	db	122
    60                           
    61                           ;initializer for Load_Base@value
    62  0004A9  05                 	db	5
    63                           
    64                           ;initializer for Load_Base@direction
    65  0004AA  01                 	db	1
    66                           
    67                           	psect	smallconst
    68  000300                     __psmallconst:
    69                           	opt stack 0
    70  000300  00                 	db	0
    71  000301  0001               	dw	1
    72  000303  000A               	dw	10
    73  000305  0064               	dw	100
    74  000307  03E8               	dw	1000
    75  000309  2710               	dw	10000
    76  00030B                     __end_of_dpowers:
    77                           	opt stack 0
    78  0000                     _PORTAbits	set	3968
    79  0000                     _PTCON1	set	3966
    80  0000                     _PTMRH	set	3964
    81  0000                     _PTMRL	set	3965
    82  0000                     _PTPERH	set	3962
    83  0000                     _PTPERL	set	3963
    84  0000                     _PTCON0	set	3967
    85  0000                     _PWMCON0	set	3951
    86  0000                     _TRISD	set	3989
    87  0000                     _TRISC	set	3988
    88  0000                     _TRISB	set	3987
    89  0000                     _TRISA	set	3986
    90  0000                     _TRISC7	set	31911
    91  0000                     _TRISC6	set	31910
    92  0000                     _RCREG	set	4014
    93  0000                     _TXREG	set	4013
    94  0000                     _RCSTA	set	4011
    95  0000                     _TXSTA	set	4012
    96  0000                     _SPBRG	set	4015
    97  0000                     _BAUDCTL	set	4010
    98  0000                     _T2CON	set	4042
    99  0000                     _PR2	set	4043
   100  0000                     _OSCCON	set	4051
   101  0000                     _CCP2CON	set	4026
   102  0000                     _CCPR2L	set	4027
   103  0000                     _RCIF	set	31989
   104  0000                     _TXIF	set	31988
   105  0000                     _BRG16	set	32083
   106  00030B                     STR_1:
   107  00030B  63                 	db	99	;'c'
   108  00030C  68                 	db	104	;'h'
   109  00030D  61                 	db	97	;'a'
   110  00030E  6E                 	db	110	;'n'
   111  00030F  67                 	db	103	;'g'
   112  000310  65                 	db	101	;'e'
   113  000311  20                 	db	32
   114  000312  74                 	db	116	;'t'
   115  000313  6F                 	db	111	;'o'
   116  000314  20                 	db	32
   117  000315  64                 	db	100	;'d'
   118  000316  65                 	db	101	;'e'
   119  000317  66                 	db	102	;'f'
   120  000318  61                 	db	97	;'a'
   121  000319  75                 	db	117	;'u'
   122  00031A  6C                 	db	108	;'l'
   123  00031B  74                 	db	116	;'t'
   124  00031C  20                 	db	32
   125  00031D  6D                 	db	109	;'m'
   126  00031E  6F                 	db	111	;'o'
   127  00031F  64                 	db	100	;'d'
   128  000320  65                 	db	101	;'e'
   129  000321  00                 	db	0
   130  000322  47                 	db	71	;'G'
   131  000323  6F                 	db	111	;'o'
   132  000324  69                 	db	105	;'i'
   133  000325  6E                 	db	110	;'n'
   134  000326  67                 	db	103	;'g'
   135  000327  20                 	db	32
   136  000328  74                 	db	116	;'t'
   137  000329  6F                 	db	111	;'o'
   138  00032A  20                 	db	32
   139  00032B  44                 	db	68	;'D'
   140  00032C  65                 	db	101	;'e'
   141  00032D  66                 	db	102	;'f'
   142  00032E  61                 	db	97	;'a'
   143  00032F  75                 	db	117	;'u'
   144  000330  6C                 	db	108	;'l'
   145  000331  74                 	db	116	;'t'
   146  000332  20                 	db	32
   147  000333  4D                 	db	77	;'M'
   148  000334  6F                 	db	111	;'o'
   149  000335  64                 	db	100	;'d'
   150  000336  65                 	db	101	;'e'
   151  000337  00                 	db	0
   152  000338  65                 	db	101	;'e'
   153  000339  6E                 	db	110	;'n'
   154  00033A  74                 	db	116	;'t'
   155  00033B  65                 	db	101	;'e'
   156  00033C  72                 	db	114	;'r'
   157  00033D  69                 	db	105	;'i'
   158  00033E  6E                 	db	110	;'n'
   159  00033F  67                 	db	103	;'g'
   160  000340  20                 	db	32
   161  000341  74                 	db	116	;'t'
   162  000342  65                 	db	101	;'e'
   163  000343  73                 	db	115	;'s'
   164  000344  74                 	db	116	;'t'
   165  000345  20                 	db	32
   166  000346  6D                 	db	109	;'m'
   167  000347  6F                 	db	111	;'o'
   168  000348  64                 	db	100	;'d'
   169  000349  65                 	db	101	;'e'
   170  00034A  00                 	db	0
   171  00034B  65                 	db	101	;'e'
   172  00034C  6E                 	db	110	;'n'
   173  00034D  74                 	db	116	;'t'
   174  00034E  65                 	db	101	;'e'
   175  00034F  72                 	db	114	;'r'
   176  000350  69                 	db	105	;'i'
   177  000351  6E                 	db	110	;'n'
   178  000352  67                 	db	103	;'g'
   179  000353  20                 	db	32
   180  000354  73                 	db	115	;'s'
   181  000355  65                 	db	101	;'e'
   182  000356  74                 	db	116	;'t'
   183  000357  20                 	db	32
   184  000358  6D                 	db	109	;'m'
   185  000359  6F                 	db	111	;'o'
   186  00035A  64                 	db	100	;'d'
   187  00035B  65                 	db	101	;'e'
   188  00035C  00                 	db	0
   189  00035D  45                 	db	69	;'E'
   190  00035E  6E                 	db	110	;'n'
   191  00035F  74                 	db	116	;'t'
   192  000360  65                 	db	101	;'e'
   193  000361  72                 	db	114	;'r'
   194  000362  20                 	db	32
   195  000363  50                 	db	80	;'P'
   196  000364  57                 	db	87	;'W'
   197  000365  4D                 	db	77	;'M'
   198  000366  20                 	db	32
   199  000367  56                 	db	86	;'V'
   200  000368  61                 	db	97	;'a'
   201  000369  6C                 	db	108	;'l'
   202  00036A  75                 	db	117	;'u'
   203  00036B  65                 	db	101	;'e'
   204  00036C  00                 	db	0
   205  00036D  49                 	db	73	;'I'
   206  00036E  6E                 	db	110	;'n'
   207  00036F  76                 	db	118	;'v'
   208  000370  61                 	db	97	;'a'
   209  000371  6C                 	db	108	;'l'
   210  000372  69                 	db	105	;'i'
   211  000373  64                 	db	100	;'d'
   212  000374  20                 	db	32
   213  000375  64                 	db	100	;'d'
   214  000376  61                 	db	97	;'a'
   215  000377  74                 	db	116	;'t'
   216  000378  61                 	db	97	;'a'
   217  000379  2E                 	db	46
   218  00037A  00                 	db	0
   219  00037B  62                 	db	98	;'b'
   220  00037C  3A                 	db	58	;':'
   221  00037D  25                 	db	37
   222  00037E  64                 	db	100	;'d'
   223  00037F  00                 	db	0
   224  0000                     
   225                           ; #config settings
   226  000380  00                 	db	0	; dummy byte at the end
   227  0000                     
   228                           	psect	cinit
   229  0003F6                     __pcinit:
   230                           	opt stack 0
   231  0003F6                     start_initialization:
   232                           	opt stack 0
   233  0003F6                     __initialization:
   234                           	opt stack 0
   235                           
   236                           ; Initialize objects allocated to COMRAM (3 bytes)
   237                           ; load TBLPTR registers with __pidataCOMRAM
   238  0003F6  0EA8               	movlw	low __pidataCOMRAM
   239  0003F8  6EF6               	movwf	tblptrl,c
   240  0003FA  0E04               	movlw	high __pidataCOMRAM
   241  0003FC  6EF7               	movwf	tblptrh,c
   242  0003FE  0E00               	movlw	low (__pidataCOMRAM shr (0+16))
   243  000400  6EF8               	movwf	tblptru,c
   244  000402  0009               	tblrd		*+	;fetch initializer
   245  000404  CFF5 F01E          	movff	tablat,__pdataCOMRAM
   246  000408  0009               	tblrd		*+	;fetch initializer
   247  00040A  CFF5 F01F          	movff	tablat,__pdataCOMRAM+1
   248  00040E  0009               	tblrd		*+	;fetch initializer
   249  000410  CFF5 F020          	movff	tablat,__pdataCOMRAM+2
   250                           
   251                           ; Clear objects allocated to COMRAM (20 bytes)
   252  000414  EE00  F001         	lfsr	0,__pbssCOMRAM
   253  000418  0E14               	movlw	20
   254  00041A                     clear_0:
   255  00041A  6AEE               	clrf	postinc0,c
   256  00041C  06E8               	decf	wreg,f,c
   257  00041E  E1FD               	bnz	clear_0
   258  000420                     end_of_initialization:
   259                           	opt stack 0
   260  000420                     __end_of__initialization:
   261                           	opt stack 0
   262  000420  0E00               	movlw	low (__Lmediumconst shr (0+16))
   263  000422  6EF8               	movwf	tblptru,c
   264  000424  0100               	movlb	0
   265  000426  EFC1  F001         	goto	_main	;jump to C main() function
   266                           tblptru	equ	0xFF8
   267                           tblptrh	equ	0xFF7
   268                           tblptrl	equ	0xFF6
   269                           tablat	equ	0xFF5
   270                           postinc0	equ	0xFEE
   271                           wreg	equ	0xFE8
   272                           
   273                           	psect	bssCOMRAM
   274  000001                     __pbssCOMRAM:
   275                           	opt stack 0
   276  000001                     _recvIdx:
   277                           	opt stack 0
   278  000001                     	ds	2
   279  000003                     _ptr:
   280                           	opt stack 0
   281  000003                     	ds	2
   282  000005                     _ch2:
   283                           	opt stack 0
   284  000005                     	ds	1
   285  000006                     state_machine@flag:
   286                           	opt stack 0
   287  000006                     	ds	1
   288  000007                     _state:
   289                           	opt stack 0
   290  000007                     	ds	1
   291  000008                     _prevState:
   292                           	opt stack 0
   293  000008                     	ds	1
   294  000009                     _currState:
   295                           	opt stack 0
   296  000009                     	ds	1
   297  00000A                     	ds	1
   298  00000B                     _uartBuffer:
   299                           	opt stack 0
   300  00000B                     	ds	8
   301  000013                     _testPWMValue:
   302                           	opt stack 0
   303  000013                     	ds	2
   304                           tblptru	equ	0xFF8
   305                           tblptrh	equ	0xFF7
   306                           tblptrl	equ	0xFF6
   307                           tablat	equ	0xFF5
   308                           postinc0	equ	0xFEE
   309                           wreg	equ	0xFE8
   310                           
   311                           	psect	dataCOMRAM
   312  00001E                     __pdataCOMRAM:
   313                           	opt stack 0
   314  00001E                     _ch:
   315                           	opt stack 0
   316  00001E                     	ds	1
   317  00001F                     Load_Base@value:
   318                           	opt stack 0
   319  00001F                     	ds	1
   320  000020                     Load_Base@direction:
   321                           	opt stack 0
   322  000020                     	ds	1
   323                           tblptru	equ	0xFF8
   324                           tblptrh	equ	0xFF7
   325                           tblptrl	equ	0xFF6
   326                           tablat	equ	0xFF5
   327                           postinc0	equ	0xFEE
   328                           wreg	equ	0xFE8
   329                           
   330                           	psect	cstackCOMRAM
   331  000015                     __pcstackCOMRAM:
   332                           	opt stack 0
   333  000015                     eusart_init@tx_mode:
   334                           	opt stack 0
   335  000015                     delay@count:
   336                           	opt stack 0
   337                           
   338                           ; 2 bytes @ 0x0
   339  000015                     	ds	1
   340  000016                     eusart_init@fosc:
   341                           	opt stack 0
   342                           
   343                           ; 4 bytes @ 0x1
   344  000016                     	ds	1
   345  000017                     ??_delay:
   346                           
   347                           ; 1 bytes @ 0x2
   348  000017                     	ds	1
   349  000018                     delay@i:
   350                           	opt stack 0
   351                           
   352                           ; 2 bytes @ 0x3
   353  000018                     	ds	2
   354  00001A                     uart_send_byte@byte:
   355                           	opt stack 0
   356  00001A                     eusart_init@baud:
   357                           	opt stack 0
   358                           
   359                           ; 2 bytes @ 0x5
   360  00001A                     	ds	2
   361  00001C                     eusart_init@usart_mode:
   362                           	opt stack 0
   363                           
   364                           ; 1 bytes @ 0x7
   365  00001C                     	ds	1
   366  00001D                     main@ch:
   367                           	opt stack 0
   368                           
   369                           ; 1 bytes @ 0x8
   370  00001D                     	ds	1
   371                           tblptru	equ	0xFF8
   372                           tblptrh	equ	0xFF7
   373                           tblptrl	equ	0xFF6
   374                           tablat	equ	0xFF5
   375                           postinc0	equ	0xFEE
   376                           wreg	equ	0xFE8
   377                           
   378 ;;
   379 ;;Main: autosize = 0, tempsize = 0, incstack = 0, save=0
   380 ;;
   381 ;; *************** function _main *****************
   382 ;; Defined at:
   383 ;;		line 100 in file "main.c"
   384 ;; Parameters:    Size  Location     Type
   385 ;;		None
   386 ;; Auto vars:     Size  Location     Type
   387 ;;  ch              1    8[COMRAM] unsigned char 
   388 ;; Return value:  Size  Location     Type
   389 ;;                  1    wreg      void 
   390 ;; Registers used:
   391 ;;		wreg, status,2, status,0, cstack
   392 ;; Tracked objects:
   393 ;;		On entry : 0/0
   394 ;;		On exit  : 0/0
   395 ;;		Unchanged: 0/0
   396 ;; Data sizes:     COMRAM   BANK0   BANK1   BANK2
   397 ;;      Params:         0       0       0       0
   398 ;;      Locals:         1       0       0       0
   399 ;;      Temps:          0       0       0       0
   400 ;;      Totals:         1       0       0       0
   401 ;;Total ram usage:        1 bytes
   402 ;; Hardware stack levels required when called:    2
   403 ;; This function calls:
   404 ;;		_delay
   405 ;;		_eusart_init
   406 ;;		_uart_recv_byte
   407 ;;		_uart_send_byte
   408 ;; This function is called by:
   409 ;;		Startup code after reset
   410 ;; This function uses a non-reentrant model
   411 ;;
   412                           
   413                           	psect	text0
   414  000382                     __ptext0:
   415                           	opt stack 0
   416  000382                     _main:
   417                           	opt stack 29
   418                           
   419                           ;main.c: 102: unsigned char ch;
   420                           ;main.c: 103: TRISA = 0x00;
   421                           
   422                           ;incstack = 0
   423  000382  0E00               	movlw	0
   424  000384  6E92               	movwf	3986,c	;volatile
   425                           
   426                           ;main.c: 104: TRISB=0X00;
   427  000386  0E00               	movlw	0
   428  000388  6E93               	movwf	3987,c	;volatile
   429                           
   430                           ;main.c: 105: TRISC=0x00;
   431  00038A  0E00               	movlw	0
   432  00038C  6E94               	movwf	3988,c	;volatile
   433                           
   434                           ;main.c: 106: TRISD=0xff;
   435  00038E  6895               	setf	3989,c	;volatile
   436                           
   437                           ;main.c: 108: OSCCON=0b01110010;
   438  000390  0E72               	movlw	114
   439  000392  6ED3               	movwf	4051,c	;volatile
   440                           
   441                           ;main.c: 109: PR2=0x9B;
   442  000394  0E9B               	movlw	155
   443  000396  6ECB               	movwf	4043,c	;volatile
   444                           
   445                           ;main.c: 110: T2CON=0x06;
   446  000398  0E06               	movlw	6
   447  00039A  6ECA               	movwf	4042,c	;volatile
   448                           
   449                           ;main.c: 115: PWMCON0 =0x2f;
   450  00039C  0E2F               	movlw	47
   451  00039E  6E6F               	movwf	3951,c	;volatile
   452                           
   453                           ;main.c: 116: PTCON0 =0x00;
   454  0003A0  0E00               	movlw	0
   455  0003A2  6E7F               	movwf	3967,c	;volatile
   456                           
   457                           ;main.c: 117: PTPERL =0xc4;
   458  0003A4  0EC4               	movlw	196
   459  0003A6  6E7B               	movwf	3963,c	;volatile
   460                           
   461                           ;main.c: 118: PTPERH =0x09;
   462  0003A8  0E09               	movlw	9
   463  0003AA  6E7A               	movwf	3962,c	;volatile
   464                           
   465                           ;main.c: 119: PTMRL =0xc4;
   466  0003AC  0EC4               	movlw	196
   467  0003AE  6E7D               	movwf	3965,c	;volatile
   468                           
   469                           ;main.c: 120: PTMRH =0x09;
   470  0003B0  0E09               	movlw	9
   471  0003B2  6E7C               	movwf	3964,c	;volatile
   472                           
   473                           ;main.c: 123: PTCON1 =0x80;
   474  0003B4  0E80               	movlw	128
   475  0003B6  6E7E               	movwf	3966,c	;volatile
   476                           
   477                           ;main.c: 125: eusart_init(0, 0, 8000000UL, 9600);
   478  0003B8  0E00               	movlw	0
   479  0003BA  6E15               	movwf	eusart_init@tx_mode,c
   480  0003BC  0E00               	movlw	0
   481  0003BE  6E16               	movwf	eusart_init@fosc,c
   482  0003C0  0E12               	movlw	18
   483  0003C2  6E17               	movwf	eusart_init@fosc+1,c
   484  0003C4  0E7A               	movlw	122
   485  0003C6  6E18               	movwf	eusart_init@fosc+2,c
   486  0003C8  0E00               	movlw	0
   487  0003CA  6E19               	movwf	eusart_init@fosc+3,c
   488  0003CC  0E25               	movlw	37
   489  0003CE  6E1B               	movwf	eusart_init@baud+1,c
   490  0003D0  0E80               	movlw	128
   491  0003D2  6E1A               	movwf	eusart_init@baud,c
   492  0003D4  0E00               	movlw	0
   493  0003D6  EC15  F002         	call	_eusart_init
   494  0003DA                     l1132:
   495                           
   496                           ;main.c: 127: {
   497                           ;main.c: 128: ch=uart_recv_byte(0x01);
   498  0003DA  0E01               	movlw	1
   499  0003DC  EC4E  F002         	call	_uart_recv_byte
   500  0003E0  6E1D               	movwf	main@ch,c
   501                           
   502                           ;main.c: 129: uart_send_byte(ch);
   503  0003E2  501D               	movf	main@ch,w,c
   504  0003E4  EC42  F002         	call	_uart_send_byte
   505                           
   506                           ;main.c: 137: delay(9000);
   507  0003E8  0E23               	movlw	35
   508  0003EA  6E16               	movwf	delay@count+1,c
   509  0003EC  0E28               	movlw	40
   510  0003EE  6E15               	movwf	delay@count,c
   511  0003F0  EC2C  F002         	call	_delay	;wreg free
   512  0003F4  D7F2               	goto	l1132
   513  0003F6                     __end_of_main:
   514                           	opt stack 0
   515                           tblptru	equ	0xFF8
   516                           tblptrh	equ	0xFF7
   517                           tblptrl	equ	0xFF6
   518                           tablat	equ	0xFF5
   519                           postinc0	equ	0xFEE
   520                           wreg	equ	0xFE8
   521                           
   522 ;; *************** function _uart_send_byte *****************
   523 ;; Defined at:
   524 ;;		line 39 in file "uart.c"
   525 ;; Parameters:    Size  Location     Type
   526 ;;  byte            1    wreg     unsigned char 
   527 ;; Auto vars:     Size  Location     Type
   528 ;;  byte            1    5[COMRAM] unsigned char 
   529 ;; Return value:  Size  Location     Type
   530 ;;                  1    wreg      void 
   531 ;; Registers used:
   532 ;;		wreg, status,2, status,0, cstack
   533 ;; Tracked objects:
   534 ;;		On entry : 0/0
   535 ;;		On exit  : 0/0
   536 ;;		Unchanged: 0/0
   537 ;; Data sizes:     COMRAM   BANK0   BANK1   BANK2
   538 ;;      Params:         0       0       0       0
   539 ;;      Locals:         1       0       0       0
   540 ;;      Temps:          0       0       0       0
   541 ;;      Totals:         1       0       0       0
   542 ;;Total ram usage:        1 bytes
   543 ;; Hardware stack levels used:    1
   544 ;; Hardware stack levels required when called:    1
   545 ;; This function calls:
   546 ;;		_delay
   547 ;; This function is called by:
   548 ;;		_main
   549 ;;		_debug
   550 ;; This function uses a non-reentrant model
   551 ;;
   552                           
   553                           	psect	text1
   554  000484                     __ptext1:
   555                           	opt stack 0
   556  000484                     _uart_send_byte:
   557                           	opt stack 29
   558                           
   559                           ;incstack = 0
   560                           ;uart_send_byte@byte stored from wreg
   561  000484  6E1A               	movwf	uart_send_byte@byte,c
   562  000486                     l146:
   563  000486  A89E               	btfss	3998,4,c	;volatile
   564  000488  D7FE               	goto	l146
   565                           
   566                           ;uart.c: 44: }
   567                           ;uart.c: 45: TXREG = byte;
   568  00048A  C01A  FFAD         	movff	uart_send_byte@byte,4013	;volatile
   569                           
   570                           ;uart.c: 46: delay(1000);
   571  00048E  0E03               	movlw	3
   572  000490  6E16               	movwf	delay@count+1,c
   573  000492  0EE8               	movlw	232
   574  000494  6E15               	movwf	delay@count,c
   575  000496  EC2C  F002         	call	_delay	;wreg free
   576  00049A  0012               	return		;funcret
   577  00049C                     __end_of_uart_send_byte:
   578                           	opt stack 0
   579                           tblptru	equ	0xFF8
   580                           tblptrh	equ	0xFF7
   581                           tblptrl	equ	0xFF6
   582                           tablat	equ	0xFF5
   583                           postinc0	equ	0xFEE
   584                           wreg	equ	0xFE8
   585                           
   586 ;; *************** function _delay *****************
   587 ;; Defined at:
   588 ;;		line 89 in file "main.c"
   589 ;; Parameters:    Size  Location     Type
   590 ;;  count           2    0[COMRAM] int 
   591 ;; Auto vars:     Size  Location     Type
   592 ;;  i               2    3[COMRAM] int 
   593 ;; Return value:  Size  Location     Type
   594 ;;                  1    wreg      void 
   595 ;; Registers used:
   596 ;;		wreg, status,2, status,0
   597 ;; Tracked objects:
   598 ;;		On entry : 0/0
   599 ;;		On exit  : 0/0
   600 ;;		Unchanged: 0/0
   601 ;; Data sizes:     COMRAM   BANK0   BANK1   BANK2
   602 ;;      Params:         2       0       0       0
   603 ;;      Locals:         2       0       0       0
   604 ;;      Temps:          1       0       0       0
   605 ;;      Totals:         5       0       0       0
   606 ;;Total ram usage:        5 bytes
   607 ;; Hardware stack levels used:    1
   608 ;; This function calls:
   609 ;;		Nothing
   610 ;; This function is called by:
   611 ;;		_main
   612 ;;		_uart_send_byte
   613 ;;		_debug
   614 ;;		_processSerialData
   615 ;;		_getPWMvalue
   616 ;; This function uses a non-reentrant model
   617 ;;
   618                           
   619                           	psect	text2
   620  000458                     __ptext2:
   621                           	opt stack 0
   622  000458                     _delay:
   623                           	opt stack 29
   624                           
   625                           ;main.c: 91: int i=0;
   626                           
   627                           ;incstack = 0
   628  000458  0E00               	movlw	0
   629  00045A  6E19               	movwf	delay@i+1,c
   630  00045C  0E00               	movlw	0
   631  00045E  6E18               	movwf	delay@i,c
   632                           
   633                           ;main.c: 93: for(i=0;i<count;i++)
   634  000460  0E00               	movlw	0
   635  000462  6E19               	movwf	delay@i+1,c
   636  000464  0E00               	movlw	0
   637  000466  6E18               	movwf	delay@i,c
   638  000468  D002               	goto	l1038
   639  00046A                     l1036:
   640                           
   641                           ;main.c: 94: {
   642  00046A  4A18               	infsnz	delay@i,f,c
   643  00046C  2A19               	incf	delay@i+1,f,c
   644  00046E                     l1038:
   645  00046E  5015               	movf	delay@count,w,c
   646  000470  5C18               	subwf	delay@i,w,c
   647  000472  5019               	movf	delay@i+1,w,c
   648  000474  0A80               	xorlw	128
   649  000476  6E17               	movwf	??_delay& (0+255),c
   650  000478  5016               	movf	delay@count+1,w,c
   651  00047A  0A80               	xorlw	128
   652  00047C  5817               	subwfb	??_delay& (0+255),w,c
   653  00047E  B0D8               	btfsc	status,0,c
   654  000480  0012               	return	
   655  000482  D7F3               	goto	l1036
   656  000484                     __end_of_delay:
   657                           	opt stack 0
   658                           tblptru	equ	0xFF8
   659                           tblptrh	equ	0xFF7
   660                           tblptrl	equ	0xFF6
   661                           tablat	equ	0xFF5
   662                           postinc0	equ	0xFEE
   663                           wreg	equ	0xFE8
   664                           status	equ	0xFD8
   665                           
   666 ;; *************** function _uart_recv_byte *****************
   667 ;; Defined at:
   668 ;;		line 48 in file "uart.c"
   669 ;; Parameters:    Size  Location     Type
   670 ;;  flag            1    wreg     unsigned char 
   671 ;; Auto vars:     Size  Location     Type
   672 ;;  flag            1    0[COMRAM] unsigned char 
   673 ;; Return value:  Size  Location     Type
   674 ;;                  1    wreg      unsigned char 
   675 ;; Registers used:
   676 ;;		wreg, status,2
   677 ;; Tracked objects:
   678 ;;		On entry : 0/0
   679 ;;		On exit  : 0/0
   680 ;;		Unchanged: 0/0
   681 ;; Data sizes:     COMRAM   BANK0   BANK1   BANK2
   682 ;;      Params:         0       0       0       0
   683 ;;      Locals:         0       0       0       0
   684 ;;      Temps:          0       0       0       0
   685 ;;      Totals:         0       0       0       0
   686 ;;Total ram usage:        0 bytes
   687 ;; Hardware stack levels used:    1
   688 ;; This function calls:
   689 ;;		Nothing
   690 ;; This function is called by:
   691 ;;		_main
   692 ;;		_processSerialData
   693 ;; This function uses a non-reentrant model
   694 ;;
   695                           
   696                           	psect	text3
   697  00049C                     __ptext3:
   698                           	opt stack 0
   699  00049C                     _uart_recv_byte:
   700                           	opt stack 30
   701  00049C                     l152:
   702  00049C  AA9E               	btfss	3998,5,c	;volatile
   703  00049E  D7FE               	goto	l152
   704                           
   705                           ;uart.c: 53: }
   706                           ;uart.c: 54: ch2 = RCREG;
   707  0004A0  CFAE F005          	movff	4014,_ch2	;volatile
   708                           
   709                           ;uart.c: 55: return ch2;
   710  0004A4  5005               	movf	_ch2,w,c
   711  0004A6  0012               	return		;funcret
   712  0004A8                     __end_of_uart_recv_byte:
   713                           	opt stack 0
   714                           tblptru	equ	0xFF8
   715                           tblptrh	equ	0xFF7
   716                           tblptrl	equ	0xFF6
   717                           tablat	equ	0xFF5
   718                           postinc0	equ	0xFEE
   719                           wreg	equ	0xFE8
   720                           status	equ	0xFD8
   721                           
   722 ;; *************** function _eusart_init *****************
   723 ;; Defined at:
   724 ;;		line 8 in file "uart.c"
   725 ;; Parameters:    Size  Location     Type
   726 ;;  usart_mode      1    wreg     unsigned char 
   727 ;;  tx_mode         1    0[COMRAM] unsigned char 
   728 ;;  fosc            4    1[COMRAM] unsigned long 
   729 ;;  baud            2    5[COMRAM] unsigned int 
   730 ;; Auto vars:     Size  Location     Type
   731 ;;  usart_mode      1    7[COMRAM] unsigned char 
   732 ;; Return value:  Size  Location     Type
   733 ;;                  1    wreg      void 
   734 ;; Registers used:
   735 ;;		wreg, status,2, status,0
   736 ;; Tracked objects:
   737 ;;		On entry : 0/0
   738 ;;		On exit  : 0/0
   739 ;;		Unchanged: 0/0
   740 ;; Data sizes:     COMRAM   BANK0   BANK1   BANK2
   741 ;;      Params:         7       0       0       0
   742 ;;      Locals:         1       0       0       0
   743 ;;      Temps:          0       0       0       0
   744 ;;      Totals:         8       0       0       0
   745 ;;Total ram usage:        8 bytes
   746 ;; Hardware stack levels used:    1
   747 ;; This function calls:
   748 ;;		Nothing
   749 ;; This function is called by:
   750 ;;		_main
   751 ;; This function uses a non-reentrant model
   752 ;;
   753                           
   754                           	psect	text4
   755  00042A                     __ptext4:
   756                           	opt stack 0
   757  00042A                     _eusart_init:
   758                           	opt stack 30
   759                           
   760                           ;incstack = 0
   761                           ;eusart_init@usart_mode stored from wreg
   762  00042A  6E1C               	movwf	eusart_init@usart_mode,c
   763                           
   764                           ;uart.c: 11: TRISC6 = 0;
   765  00042C  9C94               	bcf	3988,6,c	;volatile
   766                           
   767                           ;uart.c: 12: TRISC7 = 1;
   768  00042E  8E94               	bsf	3988,7,c	;volatile
   769                           
   770                           ;uart.c: 14: switch(usart_mode)
   771  000430  D00A               	goto	l1062
   772  000432                     l139:
   773                           
   774                           ;uart.c: 17: {
   775                           ;uart.c: 18: BRG16 = 0;
   776  000432  96AA               	bcf	4010,3,c	;volatile
   777                           
   778                           ;uart.c: 19: BAUDCTL = 0b00000000;
   779  000434  0E00               	movlw	0
   780  000436  6EAA               	movwf	4010,c	;volatile
   781                           
   782                           ;uart.c: 22: SPBRG =60;
   783  000438  0E3C               	movlw	60
   784  00043A  6EAF               	movwf	4015,c	;volatile
   785                           
   786                           ;uart.c: 24: TXSTA = 0b00100100;
   787  00043C  0E24               	movlw	36
   788  00043E  6EAC               	movwf	4012,c	;volatile
   789                           
   790                           ;uart.c: 25: RCSTA = 0x90;
   791  000440  0E90               	movlw	144
   792  000442  6EAB               	movwf	4011,c	;volatile
   793                           
   794                           ;uart.c: 35: }
   795                           ;uart.c: 36: }
   796                           
   797                           ;uart.c: 33: {
   798                           ;uart.c: 34: break;
   799                           
   800                           ;uart.c: 31: }
   801                           ;uart.c: 32: case 2:
   802                           
   803                           ;uart.c: 29: {
   804                           ;uart.c: 30: break;
   805                           
   806                           ;uart.c: 27: }
   807                           ;uart.c: 28: case 1:
   808                           
   809                           ;uart.c: 26: break;
   810  000444  0012               	return	
   811  000446                     l1062:
   812  000446  501C               	movf	eusart_init@usart_mode,w,c
   813                           
   814                           ; Switch size 1, requested type "space"
   815                           ; Number of cases is 3, Range of values is 0 to 2
   816                           ; switch strategies available:
   817                           ; Name         Instructions Cycles
   818                           ; simple_byte           10     6 (average)
   819                           ;	Chosen strategy is simple_byte
   820  000448  0A00               	xorlw	0	; case 0
   821  00044A  B4D8               	btfsc	status,2,c
   822  00044C  D7F2               	goto	l139
   823  00044E  0A01               	xorlw	1	; case 1
   824  000450  B4D8               	btfsc	status,2,c
   825  000452  0012               	return	
   826  000454  0A03               	xorlw	3	; case 2
   827  000456  0012               	return	
   828  000458                     __end_of_eusart_init:
   829                           	opt stack 0
   830                           tblptru	equ	0xFF8
   831                           tblptrh	equ	0xFF7
   832                           tblptrl	equ	0xFF6
   833                           tablat	equ	0xFF5
   834                           postinc0	equ	0xFEE
   835                           wreg	equ	0xFE8
   836                           status	equ	0xFD8
   837                           tblptru	equ	0xFF8
   838                           tblptrh	equ	0xFF7
   839                           tblptrl	equ	0xFF6
   840                           tablat	equ	0xFF5
   841                           postinc0	equ	0xFEE
   842                           wreg	equ	0xFE8
   843                           status	equ	0xFD8
   844                           
   845                           	psect	rparam
   846  0000                     tblptru	equ	0xFF8
   847                           tblptrh	equ	0xFF7
   848                           tblptrl	equ	0xFF6
   849                           tablat	equ	0xFF5
   850                           postinc0	equ	0xFEE
   851                           wreg	equ	0xFE8
   852                           status	equ	0xFD8


Data Sizes:
    Strings     117
    Constant    10
    Data        3
    BSS         20
    Persistent  0
    Stack       0

Auto Spaces:
    Space          Size  Autos    Used
    COMRAM           95      9      32
    BANK0           160      0       0
    BANK1           256      0       0
    BANK2           239      0       0

Pointer List with Targets:

    ptr	PTR unsigned char  size(2) Largest target is 0
		 -> NULL(NULL[0]), 

    sp__memcpy	PTR void  size(2) Largest target is 2
		 -> testPWMValue(COMRAM[2]), 


Critical Paths under _main in COMRAM

    _main->_eusart_init
    _uart_send_byte->_delay

Critical Paths under _main in BANK0

    None.

Critical Paths under _main in BANK1

    None.

Critical Paths under _main in BANK2

    None.

Call Graph Tables:

 ---------------------------------------------------------------------------------
 (Depth) Function   	        Calls       Base Space   Used Autos Params    Refs
 ---------------------------------------------------------------------------------
 (0) _main                                                 1     1      0    1301
                                              8 COMRAM     1     1      0
                              _delay
                        _eusart_init
                     _uart_recv_byte
                     _uart_send_byte
 ---------------------------------------------------------------------------------
 (1) _uart_send_byte                                       1     1      0     525
                                              5 COMRAM     1     1      0
                              _delay
 ---------------------------------------------------------------------------------
 (2) _delay                                                5     3      2     503
                                              0 COMRAM     5     3      2
 ---------------------------------------------------------------------------------
 (1) _uart_recv_byte                                       1     1      0       0
 ---------------------------------------------------------------------------------
 (1) _eusart_init                                          8     1      7     250
                                              0 COMRAM     8     1      7
 ---------------------------------------------------------------------------------
 Estimated maximum stack depth 2
 ---------------------------------------------------------------------------------

 Call Graph Graphs:

 _main (ROOT)
   _delay
   _eusart_init
   _uart_recv_byte
   _uart_send_byte
     _delay

 Address spaces:
Name               Size   Autos  Total    Cost      Usage
BIGRAM             2EE      0       0      10        0.0%
EEDATA             100      0       0       0        0.0%
BITBANK1           100      0       0       6        0.0%
BANK1              100      0       0       7        0.0%
BITBANK2            EF      0       0       8        0.0%
BANK2               EF      0       0       9        0.0%
BITBANK0            A0      0       0       3        0.0%
BANK0               A0      0       0       4        0.0%
BITCOMRAM           5F      0       0       0        0.0%
COMRAM              5F      9      20       1       33.7%
BITSFR_5             0      0       0     200        0.0%
SFR_5                0      0       0     200        0.0%
BITSFR_4             0      0       0     200        0.0%
SFR_4                0      0       0     200        0.0%
BITSFR_3             0      0       0     200        0.0%
SFR_3                0      0       0     200        0.0%
BITSFR_2             0      0       0     200        0.0%
SFR_2                0      0       0     200        0.0%
BITSFR_1             0      0       0     200        0.0%
SFR_1                0      0       0     200        0.0%
BITSFR               0      0       0     200        0.0%
SFR                  0      0       0     200        0.0%
STACK                0      0       0       2        0.0%
NULL                 0      0       0       0        0.0%
ABS                  0      0      20       5        0.0%
DATA                 0      0      20      11        0.0%
CODE                 0      0       0       0        0.0%


Microchip Technology PIC18 Macro Assembler V1.42 build -159332390 
Symbol Table                                                                                   Mon Jul 24 23:32:06 2017

                     _ch 001E             __CFG_CP0$OFF 000000             __CFG_CP1$OFF 000000  
           __CFG_CP2$OFF 000000             __CFG_CP3$OFF 000000              __CFG_LVP$ON 000000  
                    l152 049C                      l146 0486                      l139 0432  
           __CFG_CPB$OFF 000000                      _PR2 000FCB             __CFG_CPD$OFF 000000  
                    _ch2 0005                      _ptr 0003             __CFG_BORV$45 000000  
                    wreg 000FE8             __CFG_IESO$ON 000000               Load_Base@i 000A  
                   l1036 046A                     l1132 03DA                     l1062 0446  
                   l1038 046E                     STR_1 030B                     STR_2 036D  
                   STR_4 0338                     STR_5 034B                     STR_6 0322  
                   STR_7 035D                     STR_8 037B                     _RCIF 007CF5  
  eusart_init@usart_mode 001C                     _TXIF 007CF4            __CFG_FCMEN$ON 000000  
                   _main 0382                     start 0002          eusart_init@baud 001A  
        eusart_init@fosc 0016         ??_uart_recv_byte 0015            __CFG_MCLRE$ON 000000  
           ___param_bank 000000         ??_uart_send_byte 001A                    ?_main 0015  
                  _BRG16 007D53                    _T2CON 000FCA                    _RCREG 000FAE  
                  _RCSTA 000FAB                    _SPBRG 000FAF                    _PTMRH 000F7C  
                  _PTMRL 000F7D                    _TRISA 000F92                    _TRISB 000F93  
                  _TRISC 000F94                    _TRISD 000F95                    _TXREG 000FAD  
                  _TXSTA 000FAC            __CFG_WRT0$OFF 000000            __CFG_WRT1$OFF 000000  
          __CFG_WRT2$OFF 000000            __CFG_WRT3$OFF 000000           __CFG_EBTR0$OFF 000000  
         __CFG_EBTR1$OFF 000000           __CFG_EBTR2$OFF 000000           __CFG_EBTR3$OFF 000000  
          __CFG_WRTB$OFF 000000            __CFG_WRTC$OFF 000000            __CFG_WRTD$OFF 000000  
         __CFG_EBTRB$OFF 000000                    _delay 0458          __end_of_dpowers 030B  
           ?_eusart_init 0015                    _state 0007           __CFG_BOREN$OFF 000000  
                  tablat 000FF5                    status 000FD8          __initialization 03F6  
         __CFG_HPOL$HIGH 000000             __end_of_main 03F6           __CFG_OSC$IRCIO 000000  
         __CFG_LPOL$HIGH 000000                   ??_main 001D            __activetblptr 000002  
                 ?_delay 0015                   _CCPR2L 000FBB           __CFG_WDTEN$OFF 000000  
                 _OSCCON 000FD3                   _PTCON0 000F7F                   _PTCON1 000F7E  
         __CFG_WINEN$OFF 000000                   _PTPERH 000F7A                   _PTPERL 000F7B  
                 _TRISC6 007CA6                   _TRISC7 007CA7           __CFG_SSPMX$RC7 000000  
         __CFG_STVREN$ON 000000                   delay@i 0018                   clear_0 041A  
                 main@ch 001D             __pdataCOMRAM 001E             __mediumconst 0000  
                 tblptrh 000FF7                   tblptrl 000FF6                   tblptru 000FF8  
             __accesstop 0060  __end_of__initialization 0420          __CFG_FLTAMX$RC1 000000  
          ___rparam_used 000001          __CFG_T1OSCMX$ON 000000           __pcstackCOMRAM 0015  
          __end_of_delay 0484                  ??_delay 0017     __size_of_eusart_init 002E  
        __CFG_WDPS$32768 000000                  _CCP2CON 000FBA                  _BAUDCTL 000FAA  
        __CFG_PWM4MX$RB5 000000       Load_Base@direction 0020                  _PWMCON0 000F6F  
        __CFG_PWMPIN$OFF 000000          __CFG_PWRTEN$OFF 000000                  __Hparam 0000  
                __Lparam 0000             __psmallconst 0300                  __pcinit 03F6  
                __ramtop 0300                  __ptext0 0382                  __ptext1 0484  
                __ptext2 0458                  __ptext3 049C                  __ptext4 042A  
                _dpowers 0301               delay@count 0015                  _recvIdx 0001  
   end_of_initialization 0420            __Lmediumconst 0000               _uartBuffer 000B  
                postinc0 000FEE                _PORTAbits 000F80  __size_of_uart_recv_byte 000C  
__size_of_uart_send_byte 0018       eusart_init@tx_mode 0015         __CFG_EXCLKMX$RC3 000000  
          __pidataCOMRAM 04A8      start_initialization 03F6       uart_recv_byte@flag 0015  
         Load_Base@value 001F              __pbssCOMRAM 0001            ??_eusart_init 001C  
         _uart_recv_byte 049C              __smallconst 0300           _uart_send_byte 0484  
              _currState 0009           __size_of_delay 002C      __end_of_eusart_init 0458  
              _prevState 0008   __end_of_uart_recv_byte 04A8   __end_of_uart_send_byte 049C  
     uart_send_byte@byte 001A                 __Hrparam 0000                 __Lrparam 0000  
        ?_uart_recv_byte 0015          ?_uart_send_byte 0015              _eusart_init 042A  
          __size_of_main 0074             _testPWMValue 0013        state_machine@flag 0006  
