

Microchip Technology PIC18 LITE Macro Assembler V1.42 build -159332390 
                                                                                               Sat May 20 17:54:55 2017

Microchip Technology Omniscient Code Generator v1.42 (Free mode) build 201704130522
     1                           	processor	18F4431
     2                           	fnconf	rparam,??,?,0
     3                           	opt	pw 120
     4                           	opt	lm
     5                           	psect	cinit,global,reloc=2,class=CODE,delta=1
     6                           	psect	cstackCOMRAM,global,class=COMRAM,space=1,delta=1,noexec
     7                           	psect	text0,global,reloc=2,class=CODE,delta=1
     8                           	psect	text1,global,reloc=2,class=CODE,delta=1
     9                           	psect	text2,global,reloc=2,class=CODE,delta=1
    10                           	psect	intsave_regs,global,class=BIGRAM,space=1,delta=1,noexec
    11                           	psect	rparam,global,class=COMRAM,space=1,delta=1,noexec
    12  0000                     
    13                           ; Version 1.42
    14                           ; Generated 13/04/2017 GMT
    15                           ; 
    16                           ; Copyright © 2017, Microchip Technology Inc. and its subsidiaries ("Microchip")
    17                           ; All rights reserved.
    18                           ; 
    19                           ; This software is developed by Microchip Technology Inc. and its subsidiaries ("Microch
      +                          ip").
    20                           ; 
    21                           ; Redistribution and use in source and binary forms, with or without modification, are
    22                           ; permitted provided that the following conditions are met:
    23                           ; 
    24                           ;     1. Redistributions of source code must retain the above copyright notice, this lis
      +                          t of
    25                           ;        conditions and the following disclaimer.
    26                           ; 
    27                           ;     2. Redistributions in binary form must reproduce the above copyright notice, this 
      +                          list
    28                           ;        of conditions and the following disclaimer in the documentation and/or other
    29                           ;        materials provided with the distribution.
    30                           ; 
    31                           ;     3. Microchip's name may not be used to endorse or promote products derived from th
      +                          is
    32                           ;        software without specific prior written permission.
    33                           ; 
    34                           ; THIS SOFTWARE IS PROVIDED BY MICROCHIP "AS IS" AND ANY EXPRESS OR IMPLIED WARRANTIES,
    35                           ; INCLUDING, BUT NOT LIMITED TO, THE IMPLIED WARRANTIES OF MERCHANTABILITY AND FITNESS F
      +                          OR
    36                           ; PURPOSE ARE DISCLAIMED.  IN NO EVENT SHALL MICROCHIP BE LIABLE FOR ANY DIRECT, INDIREC
      +                          T,
    37                           ; INCIDENTAL, SPECIAL, EXEMPLARY, OR CONSEQUENTIAL DAMAGES (INCLUDING BUT NOT LIMITED TO
    38                           ; PROCUREMENT OF SUBSTITUTE GOODS OR SERVICES; LOSS OF USE, DATA OR PROFITS; OR BUSINESS
    39                           ; INTERRUPTION) HOWSOEVER CAUSED AND ON ANY THEORY OF LIABILITY, WHETHER IN CONTRACT, ST
      +                          RICT
    40                           ; LIABILITY, OR TORT (INCLUDING NEGLIGENCE OR OTHERWISE) ARISING IN ANY WAY OUT OF THE U
      +                          SE OF
    41                           ; THIS SOFTWARE, EVEN IF ADVISED OF THE POSSIBILITY OF SUCH DAMAGE.
    42                           ; 
    43                           ; 
    44                           ; Code-generator required, PIC18F4431 Definitions
    45                           ; 
    46                           ; SFR Addresses
    47  0000                     _PORTAbits	set	3968
    48  0000                     _PTCON1	set	3966
    49  0000                     _PTMRH	set	3964
    50  0000                     _PTMRL	set	3965
    51  0000                     _PTPERH	set	3962
    52  0000                     _PTPERL	set	3963
    53  0000                     _PTCON0	set	3967
    54  0000                     _PWMCON0	set	3951
    55  0000                     _T2CON	set	4042
    56  0000                     _PR2	set	4043
    57  0000                     _OSCCON	set	4051
    58  0000                     _TRISD	set	3989
    59  0000                     _TRISC	set	3988
    60  0000                     _TRISB	set	3987
    61  0000                     _TRISA	set	3986
    62  0000                     _CCP2CON	set	4026
    63  0000                     _CCPR2L	set	4027
    64                           
    65                           ; #config settings
    66  0000                     
    67                           	psect	cinit
    68  003F6C                     __pcinit:
    69                           	opt stack 0
    70  003F6C                     start_initialization:
    71                           	opt stack 0
    72  003F6C                     __initialization:
    73                           	opt stack 0
    74  003F6C                     end_of_initialization:
    75                           	opt stack 0
    76  003F6C                     __end_of__initialization:
    77                           	opt stack 0
    78  003F6C  0100               	movlb	0
    79  003F6E  EFD4  F01F         	goto	_main	;jump to C main() function
    80                           
    81                           	psect	cstackCOMRAM
    82  000001                     __pcstackCOMRAM:
    83                           	opt stack 0
    84  000001                     delay@count:
    85                           	opt stack 0
    86                           
    87                           ; 2 bytes @ 0x0
    88  000001                     	ds	2
    89  000003                     ??_delay:
    90                           
    91                           ; 1 bytes @ 0x2
    92  000003                     	ds	1
    93  000004                     delay@i:
    94                           	opt stack 0
    95                           
    96                           ; 2 bytes @ 0x3
    97  000004                     	ds	2
    98  000006                     
    99                           ; 1 bytes @ 0x5
   100 ;;
   101 ;;Main: autosize = 0, tempsize = 0, incstack = 0, save=0
   102 ;;
   103 ;; *************** function _main *****************
   104 ;; Defined at:
   105 ;;		line 30 in file "main.c"
   106 ;; Parameters:    Size  Location     Type
   107 ;;		None
   108 ;; Auto vars:     Size  Location     Type
   109 ;;		None
   110 ;; Return value:  Size  Location     Type
   111 ;;                  1    wreg      void 
   112 ;; Registers used:
   113 ;;		wreg, status,2, status,0, cstack
   114 ;; Tracked objects:
   115 ;;		On entry : 0/0
   116 ;;		On exit  : 0/0
   117 ;;		Unchanged: 0/0
   118 ;; Data sizes:     COMRAM   BANK0   BANK1   BANK2
   119 ;;      Params:         0       0       0       0
   120 ;;      Locals:         0       0       0       0
   121 ;;      Temps:          0       0       0       0
   122 ;;      Totals:         0       0       0       0
   123 ;;Total ram usage:        0 bytes
   124 ;; Hardware stack levels required when called:    1
   125 ;; This function calls:
   126 ;;		_Load_Base
   127 ;;		_delay
   128 ;; This function is called by:
   129 ;;		Startup code after reset
   130 ;; This function uses a non-reentrant model
   131 ;;
   132                           
   133                           	psect	text0
   134  003FA8                     __ptext0:
   135                           	opt stack 0
   136  003FA8                     _main:
   137                           	opt stack 30
   138                           
   139                           ;main.c: 31: TRISA = 0x00;
   140                           
   141                           ;incstack = 0
   142  003FA8  0E00               	movlw	0
   143  003FAA  6E92               	movwf	3986,c	;volatile
   144                           
   145                           ;main.c: 32: TRISB=0X00;
   146  003FAC  0E00               	movlw	0
   147  003FAE  6E93               	movwf	3987,c	;volatile
   148                           
   149                           ;main.c: 33: TRISC=0x00;
   150  003FB0  0E00               	movlw	0
   151  003FB2  6E94               	movwf	3988,c	;volatile
   152                           
   153                           ;main.c: 34: TRISD=0xff;
   154  003FB4  6895               	setf	3989,c	;volatile
   155                           
   156                           ;main.c: 35: OSCCON=0X3E;
   157  003FB6  0E3E               	movlw	62
   158  003FB8  6ED3               	movwf	4051,c	;volatile
   159                           
   160                           ;main.c: 36: PR2=0x9B;
   161  003FBA  0E9B               	movlw	155
   162  003FBC  6ECB               	movwf	4043,c	;volatile
   163                           
   164                           ;main.c: 37: T2CON=0x06;
   165  003FBE  0E06               	movlw	6
   166  003FC0  6ECA               	movwf	4042,c	;volatile
   167                           
   168                           ;main.c: 41: PWMCON0 =0x2f;
   169  003FC2  0E2F               	movlw	47
   170  003FC4  6E6F               	movwf	3951,c	;volatile
   171                           
   172                           ;main.c: 42: PTCON0 =0x00;
   173  003FC6  0E00               	movlw	0
   174  003FC8  6E7F               	movwf	3967,c	;volatile
   175                           
   176                           ;main.c: 43: PTPERL =0xc4;
   177  003FCA  0EC4               	movlw	196
   178  003FCC  6E7B               	movwf	3963,c	;volatile
   179                           
   180                           ;main.c: 44: PTPERH =0x09;
   181  003FCE  0E09               	movlw	9
   182  003FD0  6E7A               	movwf	3962,c	;volatile
   183                           
   184                           ;main.c: 45: PTMRL =0xc4;
   185  003FD2  0EC4               	movlw	196
   186  003FD4  6E7D               	movwf	3965,c	;volatile
   187                           
   188                           ;main.c: 46: PTMRH =0x09;
   189  003FD6  0E09               	movlw	9
   190  003FD8  6E7C               	movwf	3964,c	;volatile
   191                           
   192                           ;main.c: 49: PTCON1 =0x80;
   193  003FDA  0E80               	movlw	128
   194  003FDC  6E7E               	movwf	3966,c	;volatile
   195                           
   196                           ;main.c: 51: Load_Base();
   197  003FDE  ECB9  F01F         	call	_Load_Base	;wreg free
   198  003FE2                     l707:
   199                           
   200                           ;main.c: 53: {
   201                           ;main.c: 54: PORTAbits.RA1=0b0;
   202  003FE2  9280               	bcf	3968,1,c	;volatile
   203                           
   204                           ;main.c: 55: delay(4000);
   205  003FE4  0E0F               	movlw	15
   206  003FE6  6E02               	movwf	delay@count+1,c
   207  003FE8  0EA0               	movlw	160
   208  003FEA  6E01               	movwf	delay@count,c
   209  003FEC  ECBE  F01F         	call	_delay	;wreg free
   210                           
   211                           ;main.c: 56: PORTAbits.RA1=0b1;
   212  003FF0  8280               	bsf	3968,1,c	;volatile
   213                           
   214                           ;main.c: 57: delay(4000);
   215  003FF2  0E0F               	movlw	15
   216  003FF4  6E02               	movwf	delay@count+1,c
   217  003FF6  0EA0               	movlw	160
   218  003FF8  6E01               	movwf	delay@count,c
   219  003FFA  ECBE  F01F         	call	_delay	;wreg free
   220  003FFE  D7F1               	goto	l707
   221  004000                     __end_of_main:
   222                           	opt stack 0
   223                           
   224 ;; *************** function _delay *****************
   225 ;; Defined at:
   226 ;;		line 21 in file "main.c"
   227 ;; Parameters:    Size  Location     Type
   228 ;;  count           2    0[COMRAM] int 
   229 ;; Auto vars:     Size  Location     Type
   230 ;;  i               2    3[COMRAM] int 
   231 ;; Return value:  Size  Location     Type
   232 ;;                  1    wreg      void 
   233 ;; Registers used:
   234 ;;		wreg, status,2, status,0
   235 ;; Tracked objects:
   236 ;;		On entry : 0/0
   237 ;;		On exit  : 0/0
   238 ;;		Unchanged: 0/0
   239 ;; Data sizes:     COMRAM   BANK0   BANK1   BANK2
   240 ;;      Params:         2       0       0       0
   241 ;;      Locals:         2       0       0       0
   242 ;;      Temps:          1       0       0       0
   243 ;;      Totals:         5       0       0       0
   244 ;;Total ram usage:        5 bytes
   245 ;; Hardware stack levels used:    1
   246 ;; This function calls:
   247 ;;		Nothing
   248 ;; This function is called by:
   249 ;;		_main
   250 ;; This function uses a non-reentrant model
   251 ;;
   252                           
   253                           	psect	text1
   254  003F7C                     __ptext1:
   255                           	opt stack 0
   256  003F7C                     _delay:
   257                           	opt stack 30
   258                           
   259                           ;main.c: 23: int i=0;
   260                           
   261                           ;incstack = 0
   262  003F7C  0E00               	movlw	0
   263  003F7E  6E05               	movwf	delay@i+1,c
   264  003F80  0E00               	movlw	0
   265  003F82  6E04               	movwf	delay@i,c
   266                           
   267                           ;main.c: 25: for(i=0;i<count;i++)
   268  003F84  0E00               	movlw	0
   269  003F86  6E05               	movwf	delay@i+1,c
   270  003F88  0E00               	movlw	0
   271  003F8A  6E04               	movwf	delay@i,c
   272  003F8C  D002               	goto	l699
   273  003F8E                     l697:
   274                           
   275                           ;main.c: 26: {
   276  003F8E  4A04               	infsnz	delay@i,f,c
   277  003F90  2A05               	incf	delay@i+1,f,c
   278  003F92                     l699:
   279  003F92  5001               	movf	delay@count,w,c
   280  003F94  5C04               	subwf	delay@i,w,c
   281  003F96  5005               	movf	delay@i+1,w,c
   282  003F98  0A80               	xorlw	128
   283  003F9A  6E03               	movwf	??_delay& (0+255),c
   284  003F9C  5002               	movf	delay@count+1,w,c
   285  003F9E  0A80               	xorlw	128
   286  003FA0  5803               	subwfb	??_delay& (0+255),w,c
   287  003FA2  B0D8               	btfsc	status,0,c
   288  003FA4  0012               	return	
   289  003FA6  D7F3               	goto	l697
   290  003FA8                     __end_of_delay:
   291                           	opt stack 0
   292                           status	equ	0xFD8
   293                           
   294 ;; *************** function _Load_Base *****************
   295 ;; Defined at:
   296 ;;		line 14 in file "main.c"
   297 ;; Parameters:    Size  Location     Type
   298 ;;		None
   299 ;; Auto vars:     Size  Location     Type
   300 ;;  i               1    0        unsigned char 
   301 ;; Return value:  Size  Location     Type
   302 ;;                  1    wreg      void 
   303 ;; Registers used:
   304 ;;		wreg, status,2
   305 ;; Tracked objects:
   306 ;;		On entry : 0/0
   307 ;;		On exit  : 0/0
   308 ;;		Unchanged: 0/0
   309 ;; Data sizes:     COMRAM   BANK0   BANK1   BANK2
   310 ;;      Params:         0       0       0       0
   311 ;;      Locals:         0       0       0       0
   312 ;;      Temps:          0       0       0       0
   313 ;;      Totals:         0       0       0       0
   314 ;;Total ram usage:        0 bytes
   315 ;; Hardware stack levels used:    1
   316 ;; This function calls:
   317 ;;		Nothing
   318 ;; This function is called by:
   319 ;;		_main
   320 ;; This function uses a non-reentrant model
   321 ;;
   322                           
   323                           	psect	text2
   324  003F72                     __ptext2:
   325                           	opt stack 0
   326  003F72                     _Load_Base:
   327                           	opt stack 30
   328                           
   329                           ;main.c: 16: unsigned char i;
   330                           ;main.c: 17: CCPR2L = 0x0C;
   331                           
   332                           ;incstack = 0
   333  003F72  0E0C               	movlw	12
   334  003F74  6EBB               	movwf	4027,c	;volatile
   335                           
   336                           ;main.c: 19: CCP2CON = 0b00011100;
   337  003F76  0E1C               	movlw	28
   338  003F78  6EBA               	movwf	4026,c	;volatile
   339  003F7A  0012               	return		;funcret
   340  003F7C                     __end_of_Load_Base:
   341                           	opt stack 0
   342  0000                     status	equ	0xFD8
   343                           status	equ	0xFD8
   344                           
   345                           	psect	rparam
   346  0000                     status	equ	0xFD8


Data Sizes:
    Strings     0
    Constant    0
    Data        0
    BSS         0
    Persistent  0
    Stack       0

Auto Spaces:
    Space          Size  Autos    Used
    COMRAM           95      5       5
    BANK0           160      0       0
    BANK1           256      0       0
    BANK2           256      0       0

Pointer List with Targets:

    None.

Critical Paths under _main in COMRAM

    _main->_delay

Critical Paths under _main in BANK0

    None.

Critical Paths under _main in BANK1

    None.

Critical Paths under _main in BANK2

    None.

Call Graph Tables:

 ---------------------------------------------------------------------------------
 (Depth) Function   	        Calls       Base Space   Used Autos Params    Refs
 ---------------------------------------------------------------------------------
 (0) _main                                                 0     0      0     199
                          _Load_Base
                              _delay
 ---------------------------------------------------------------------------------
 (1) _delay                                                5     3      2     199
                                              0 COMRAM     5     3      2
 ---------------------------------------------------------------------------------
 (1) _Load_Base                                            1     1      0       0
 ---------------------------------------------------------------------------------
 Estimated maximum stack depth 1
 ---------------------------------------------------------------------------------

 Call Graph Graphs:

 _main (ROOT)
   _Load_Base
   _delay

 Address spaces:
Name               Size   Autos  Total    Cost      Usage
BITCOMRAM           5F      0       0       0        0.0%
EEDATA             100      0       0       0        0.0%
NULL                 0      0       0       0        0.0%
CODE                 0      0       0       0        0.0%
COMRAM              5F      5       5       1        5.3%
STACK                0      0       0       2        0.0%
ABS                  0      0       0       3        0.0%
BITBANK0            A0      0       0       4        0.0%
BANK0               A0      0       0       5        0.0%
BITBANK1           100      0       0       6        0.0%
BANK1              100      0       0       7        0.0%
BITBANK2           100      0       0       8        0.0%
BANK2              100      0       0       9        0.0%
BIGRAM             2FF      0       0      10        0.0%
DATA                 0      0       0      11        0.0%
BITSFR               0      0       0     200        0.0%
SFR                  0      0       0     200        0.0%


Microchip Technology PIC18 Macro Assembler V1.42 build -159332390 
Symbol Table                                                                                   Sat May 20 17:54:55 2017

           __CFG_CP0$OFF 000000             __CFG_CP1$OFF 000000             __CFG_CP2$OFF 000000  
           __CFG_CP3$OFF 000000              __CFG_LVP$ON 000000                      l707 3FE2  
                    l697 3F8E                      l699 3F92             __CFG_CPB$OFF 000000  
                    _PR2 000FCB             __CFG_CPD$OFF 000000             __CFG_BORV$45 000000  
           __CFG_IESO$ON 000000            __CFG_FCMEN$ON 000000                     _main 3FA8  
          __CFG_BOREN$ON 000000                     start 0000            __CFG_MCLRE$ON 000000  
           ___param_bank 000000                    ?_main 0001                    _T2CON 000FCA  
                  _PTMRH 000F7C                    _PTMRL 000F7D                    _TRISA 000F92  
                  _TRISB 000F93                    _TRISC 000F94                    _TRISD 000F95  
          __CFG_WRT0$OFF 000000            __CFG_WRT1$OFF 000000            __CFG_WRT2$OFF 000000  
          __CFG_WRT3$OFF 000000           __CFG_EBTR0$OFF 000000           __CFG_EBTR1$OFF 000000  
         __CFG_EBTR2$OFF 000000           __CFG_EBTR3$OFF 000000            __CFG_WRTB$OFF 000000  
          __CFG_WRTC$OFF 000000            __CFG_WRTD$OFF 000000           __CFG_EBTRB$OFF 000000  
                  _delay 3F7C                    status 000FD8          __initialization 3F6C  
         __CFG_HPOL$HIGH 000000             __end_of_main 4000           __CFG_OSC$IRCIO 000000  
         __CFG_LPOL$HIGH 000000                   ??_main 0006            __activetblptr 000000  
                 ?_delay 0001                   _CCPR2L 000FBB           __CFG_WDTEN$OFF 000000  
     __size_of_Load_Base 000A                   _OSCCON 000FD3                   _PTCON0 000F7F  
                 _PTCON1 000F7E           __CFG_WINEN$OFF 000000                   _PTPERH 000F7A  
                 _PTPERL 000F7B           __CFG_SSPMX$RC7 000000           __CFG_STVREN$ON 000000  
                 delay@i 0004               __accesstop 0060  __end_of__initialization 3F6C  
        __CFG_FLTAMX$RC1 000000            ___rparam_used 000001          __CFG_T1OSCMX$ON 000000  
         __pcstackCOMRAM 0001            __end_of_delay 3FA8        __end_of_Load_Base 3F7C  
                ??_delay 0003          __CFG_WDPS$32768 000000                  _CCP2CON 000FBA  
        __CFG_PWM4MX$RB5 000000                  _PWMCON0 000F6F          __CFG_PWMPIN$OFF 000000  
        __CFG_PWRTEN$OFF 000000                  __Hparam 0000                  __Lparam 0000  
                __pcinit 3F6C                  __ramtop 0300                  __ptext0 3FA8  
                __ptext1 3F7C                  __ptext2 3F72               delay@count 0001  
   end_of_initialization 3F6C                _PORTAbits 000F80         __CFG_EXCLKMX$RC3 000000  
    start_initialization 3F6C                _Load_Base 3F72               ?_Load_Base 0001  
         __size_of_delay 002C              ??_Load_Base 0001                 __Hrparam 0000  
               __Lrparam 0000            __size_of_main 0058  
